<?xml version="1.0" encoding="UTF-8"?>
<testsuite xmlns:xsi="http://www.w3.org/2001/XMLSchema-instance" xsi:noNamespaceSchemaLocation="https://maven.apache.org/surefire/maven-surefire-plugin/xsd/surefire-test-report-3.0.xsd" version="3.0" name="com.devopsdemo.utilities.TestGenericResourceBundle" time="0.009" tests="8" errors="0" skipped="0" failures="0">
  <properties>
[...]
</properties>
  <testcase name="testGetBundleWithNull" classname="com.devopsdemo.utilities.TestGenericResourceBundle" time="0.001"/>
  <testcase name="testGetPropertiesWithNull" classname="com.devopsdemo.utilities.TestGenericResourceBundle" time="0.0"/>
  <testcase name="testGetBundleWithLocale" classname="com.devopsdemo.utilities.TestGenericResourceBundle" time="0.002"/>
  <testcase name="testGetPropertiesWithEmpty" classname="com.devopsdemo.utilities.TestGenericResourceBundle" time="0.0"/>
  <testcase name="testGetBundleNonexistent" classname="com.devopsdemo.utilities.TestGenericResourceBundle" time="0.001"/>
  <testcase name="testGetBundleInvalid" classname="com.devopsdemo.utilities.TestGenericResourceBundle" time="0.0"/>
  <testcase name="testGetProperties" classname="com.devopsdemo.utilities.TestGenericResourceBundle" time="0.0"/>
  <testcase name="testGetBundleWithNullLocale" classname="com.devopsdemo.utilities.TestGenericResourceBundle" time="0.001"/>
</testsuite>